<?xml version="1.0" encoding="UTF-8"?>
<!-- Generated by org.testng.reporters.JUnitReportReporter -->
<testsuite hostname="LAPTOP-N1U3BV32" failures="0" tests="1" name="suite.TestCase_MENtab" time="25.754" errors="0" timestamp="2021-12-15T18:39:12 IST" skipped="0">
  <testcase classname="suite.TestCase_MENtab" name="menTab" time="25.754"/>
  <system-out/>
</testsuite> <!-- suite.TestCase_MENtab -->
